<?xml version="1.0" encoding="UTF-8"?>
<!-- Generated by org.testng.reporters.JUnitReportReporter -->
<testsuite hostname="Krishnas-MacBook-Pro-2.local" name="com.automation.tests.DataProviderExampleUsingJson" tests="2" failures="0" timestamp="9 Jun 2020 01:14:39 GMT" time="0.017" errors="0">
  <testcase name="testDataProviderUsingJsonExample" time="0.002" classname="com.automation.tests.DataProviderExampleUsingJson"/>
  <testcase name="testDataProviderUsingJsonExample" time="0.015" classname="com.automation.tests.DataProviderExampleUsingJson"/>
</testsuite> <!-- com.automation.tests.DataProviderExampleUsingJson -->
