<?xml version="1.0" encoding="UTF-8"?>
<testsuite xmlns:xsi="http://www.w3.org/2001/XMLSchema-instance" xsi:noNamespaceSchemaLocation="https://maven.apache.org/surefire/maven-surefire-plugin/xsd/surefire-test-report.xsd" name="Scenario: Sample Test Application" time="7.025" tests="5" errors="0" skipped="0" failures="0">
  <properties>
    <property name="gopherProxySet" value="false"/>
    <property name="awt.toolkit" value="sun.lwawt.macosx.LWCToolkit"/>
    <property name="file.encoding.pkg" value="sun.io"/>
    <property name="java.specification.version" value="1.8"/>
    <property name="webdriver.chrome.driver" value="/Users/kabothu/.m2/repository/webdriver/chromedriver/mac64/78.0.3904.70/chromedriver"/>
    <property name="sun.cpu.isalist" value=""/>
    <property name="sun.jnu.encoding" value="UTF-8"/>
    <property name="java.class.path" value="/Users/kabothu/Documents/Workspace/FixIssues/SimpleCucumberFramework/target/test-classes:/Users/kabothu/Documents/Workspace/FixIssues/SimpleCucumberFramework/target/classes:/Users/kabothu/.m2/repository/junit/junit/4.11/junit-4.11.jar:/Users/kabothu/.m2/repository/org/hamcrest/hamcrest-core/1.3/hamcrest-core-1.3.jar:/Users/kabothu/.m2/repository/info/cukes/cucumber-java/1.2.0/cucumber-java-1.2.0.jar:/Users/kabothu/.m2/repository/info/cukes/cucumber-core/1.2.0/cucumber-core-1.2.0.jar:/Users/kabothu/.m2/repository/info/cukes/cucumber-html/0.2.3/cucumber-html-0.2.3.jar:/Users/kabothu/.m2/repository/info/cukes/cucumber-picocontainer/1.2.0/cucumber-picocontainer-1.2.0.jar:/Users/kabothu/.m2/repository/info/cukes/cucumber-jvm-deps/1.0.3/cucumber-jvm-deps-1.0.3.jar:/Users/kabothu/.m2/repository/info/cukes/gherkin/2.12.2/gherkin-2.12.2.jar:/Users/kabothu/.m2/repository/org/picocontainer/picocontainer/2.15/picocontainer-2.15.jar:/Users/kabothu/.m2/repository/info/cukes/cucumber-junit/1.2.0/cucumber-junit-1.2.0.jar:/Users/kabothu/.m2/repository/io/github/bonigarcia/webdrivermanager/3.7.1/webdrivermanager-3.7.1.jar:/Users/kabothu/.m2/repository/org/slf4j/slf4j-api/1.7.25/slf4j-api-1.7.25.jar:/Users/kabothu/.m2/repository/commons-io/commons-io/2.6/commons-io-2.6.jar:/Users/kabothu/.m2/repository/com/google/code/gson/gson/2.8.5/gson-2.8.5.jar:/Users/kabothu/.m2/repository/org/apache/commons/commons-lang3/3.8.1/commons-lang3-3.8.1.jar:/Users/kabothu/.m2/repository/org/apache/httpcomponents/httpclient/4.5.6/httpclient-4.5.6.jar:/Users/kabothu/.m2/repository/org/apache/httpcomponents/httpcore/4.4.10/httpcore-4.4.10.jar:/Users/kabothu/.m2/repository/commons-logging/commons-logging/1.2/commons-logging-1.2.jar:/Users/kabothu/.m2/repository/commons-codec/commons-codec/1.10/commons-codec-1.10.jar:/Users/kabothu/.m2/repository/org/rauschig/jarchivelib/1.0.0/jarchivelib-1.0.0.jar:/Users/kabothu/.m2/repository/org/apache/commons/commons-compress/1.18/commons-compress-1.18.jar:/Users/kabothu/.m2/repository/org/jsoup/jsoup/1.11.3/jsoup-1.11.3.jar:/Users/kabothu/.m2/repository/org/seleniumhq/selenium/selenium-java/3.141.59/selenium-java-3.141.59.jar:/Users/kabothu/.m2/repository/org/seleniumhq/selenium/selenium-api/3.141.59/selenium-api-3.141.59.jar:/Users/kabothu/.m2/repository/org/seleniumhq/selenium/selenium-chrome-driver/3.141.59/selenium-chrome-driver-3.141.59.jar:/Users/kabothu/.m2/repository/org/seleniumhq/selenium/selenium-edge-driver/3.141.59/selenium-edge-driver-3.141.59.jar:/Users/kabothu/.m2/repository/org/seleniumhq/selenium/selenium-firefox-driver/3.141.59/selenium-firefox-driver-3.141.59.jar:/Users/kabothu/.m2/repository/org/seleniumhq/selenium/selenium-ie-driver/3.141.59/selenium-ie-driver-3.141.59.jar:/Users/kabothu/.m2/repository/org/seleniumhq/selenium/selenium-opera-driver/3.141.59/selenium-opera-driver-3.141.59.jar:/Users/kabothu/.m2/repository/org/seleniumhq/selenium/selenium-remote-driver/3.141.59/selenium-remote-driver-3.141.59.jar:/Users/kabothu/.m2/repository/org/seleniumhq/selenium/selenium-safari-driver/3.141.59/selenium-safari-driver-3.141.59.jar:/Users/kabothu/.m2/repository/org/seleniumhq/selenium/selenium-support/3.141.59/selenium-support-3.141.59.jar:/Users/kabothu/.m2/repository/net/bytebuddy/byte-buddy/1.8.15/byte-buddy-1.8.15.jar:/Users/kabothu/.m2/repository/org/apache/commons/commons-exec/1.3/commons-exec-1.3.jar:/Users/kabothu/.m2/repository/com/google/guava/guava/25.0-jre/guava-25.0-jre.jar:/Users/kabothu/.m2/repository/com/google/code/findbugs/jsr305/1.3.9/jsr305-1.3.9.jar:/Users/kabothu/.m2/repository/org/checkerframework/checker-compat-qual/2.0.0/checker-compat-qual-2.0.0.jar:/Users/kabothu/.m2/repository/com/google/errorprone/error_prone_annotations/2.1.3/error_prone_annotations-2.1.3.jar:/Users/kabothu/.m2/repository/com/google/j2objc/j2objc-annotations/1.1/j2objc-annotations-1.1.jar:/Users/kabothu/.m2/repository/org/codehaus/mojo/animal-sniffer-annotations/1.14/animal-sniffer-annotations-1.14.jar:/Users/kabothu/.m2/repository/com/squareup/okhttp3/okhttp/3.11.0/okhttp-3.11.0.jar:/Users/kabothu/.m2/repository/com/squareup/okio/okio/1.14.0/okio-1.14.0.jar:"/>
    <property name="java.vm.vendor" value="Oracle Corporation"/>
    <property name="sun.arch.data.model" value="64"/>
    <property name="java.vendor.url" value="http://java.oracle.com/"/>
    <property name="user.timezone" value="America/Chicago"/>
    <property name="java.vm.specification.version" value="1.8"/>
    <property name="os.name" value="Mac OS X"/>
    <property name="user.country" value="US"/>
    <property name="sun.java.launcher" value="SUN_STANDARD"/>
    <property name="sun.boot.library.path" value="/Library/Java/JavaVirtualMachines/jdk1.8.0_221.jdk/Contents/Home/jre/lib"/>
    <property name="sun.java.command" value="/Users/kabothu/Documents/Workspace/FixIssues/SimpleCucumberFramework/target/surefire/surefirebooter3367221168973786785.jar /Users/kabothu/Documents/Workspace/FixIssues/SimpleCucumberFramework/target/surefire 2019-11-10T01-05-04_433-jvmRun1 surefire1895908906375576961tmp surefire_08002208280187997900tmp"/>
    <property name="http.nonProxyHosts" value="local|*.local|169.254/16|*.169.254/16"/>
    <property name="test" value="MyApplicationRunner"/>
    <property name="surefire.test.class.path" value="/Users/kabothu/Documents/Workspace/FixIssues/SimpleCucumberFramework/target/test-classes:/Users/kabothu/Documents/Workspace/FixIssues/SimpleCucumberFramework/target/classes:/Users/kabothu/.m2/repository/junit/junit/4.11/junit-4.11.jar:/Users/kabothu/.m2/repository/org/hamcrest/hamcrest-core/1.3/hamcrest-core-1.3.jar:/Users/kabothu/.m2/repository/info/cukes/cucumber-java/1.2.0/cucumber-java-1.2.0.jar:/Users/kabothu/.m2/repository/info/cukes/cucumber-core/1.2.0/cucumber-core-1.2.0.jar:/Users/kabothu/.m2/repository/info/cukes/cucumber-html/0.2.3/cucumber-html-0.2.3.jar:/Users/kabothu/.m2/repository/info/cukes/cucumber-picocontainer/1.2.0/cucumber-picocontainer-1.2.0.jar:/Users/kabothu/.m2/repository/info/cukes/cucumber-jvm-deps/1.0.3/cucumber-jvm-deps-1.0.3.jar:/Users/kabothu/.m2/repository/info/cukes/gherkin/2.12.2/gherkin-2.12.2.jar:/Users/kabothu/.m2/repository/org/picocontainer/picocontainer/2.15/picocontainer-2.15.jar:/Users/kabothu/.m2/repository/info/cukes/cucumber-junit/1.2.0/cucumber-junit-1.2.0.jar:/Users/kabothu/.m2/repository/io/github/bonigarcia/webdrivermanager/3.7.1/webdrivermanager-3.7.1.jar:/Users/kabothu/.m2/repository/org/slf4j/slf4j-api/1.7.25/slf4j-api-1.7.25.jar:/Users/kabothu/.m2/repository/commons-io/commons-io/2.6/commons-io-2.6.jar:/Users/kabothu/.m2/repository/com/google/code/gson/gson/2.8.5/gson-2.8.5.jar:/Users/kabothu/.m2/repository/org/apache/commons/commons-lang3/3.8.1/commons-lang3-3.8.1.jar:/Users/kabothu/.m2/repository/org/apache/httpcomponents/httpclient/4.5.6/httpclient-4.5.6.jar:/Users/kabothu/.m2/repository/org/apache/httpcomponents/httpcore/4.4.10/httpcore-4.4.10.jar:/Users/kabothu/.m2/repository/commons-logging/commons-logging/1.2/commons-logging-1.2.jar:/Users/kabothu/.m2/repository/commons-codec/commons-codec/1.10/commons-codec-1.10.jar:/Users/kabothu/.m2/repository/org/rauschig/jarchivelib/1.0.0/jarchivelib-1.0.0.jar:/Users/kabothu/.m2/repository/org/apache/commons/commons-compress/1.18/commons-compress-1.18.jar:/Users/kabothu/.m2/repository/org/jsoup/jsoup/1.11.3/jsoup-1.11.3.jar:/Users/kabothu/.m2/repository/org/seleniumhq/selenium/selenium-java/3.141.59/selenium-java-3.141.59.jar:/Users/kabothu/.m2/repository/org/seleniumhq/selenium/selenium-api/3.141.59/selenium-api-3.141.59.jar:/Users/kabothu/.m2/repository/org/seleniumhq/selenium/selenium-chrome-driver/3.141.59/selenium-chrome-driver-3.141.59.jar:/Users/kabothu/.m2/repository/org/seleniumhq/selenium/selenium-edge-driver/3.141.59/selenium-edge-driver-3.141.59.jar:/Users/kabothu/.m2/repository/org/seleniumhq/selenium/selenium-firefox-driver/3.141.59/selenium-firefox-driver-3.141.59.jar:/Users/kabothu/.m2/repository/org/seleniumhq/selenium/selenium-ie-driver/3.141.59/selenium-ie-driver-3.141.59.jar:/Users/kabothu/.m2/repository/org/seleniumhq/selenium/selenium-opera-driver/3.141.59/selenium-opera-driver-3.141.59.jar:/Users/kabothu/.m2/repository/org/seleniumhq/selenium/selenium-remote-driver/3.141.59/selenium-remote-driver-3.141.59.jar:/Users/kabothu/.m2/repository/org/seleniumhq/selenium/selenium-safari-driver/3.141.59/selenium-safari-driver-3.141.59.jar:/Users/kabothu/.m2/repository/org/seleniumhq/selenium/selenium-support/3.141.59/selenium-support-3.141.59.jar:/Users/kabothu/.m2/repository/net/bytebuddy/byte-buddy/1.8.15/byte-buddy-1.8.15.jar:/Users/kabothu/.m2/repository/org/apache/commons/commons-exec/1.3/commons-exec-1.3.jar:/Users/kabothu/.m2/repository/com/google/guava/guava/25.0-jre/guava-25.0-jre.jar:/Users/kabothu/.m2/repository/com/google/code/findbugs/jsr305/1.3.9/jsr305-1.3.9.jar:/Users/kabothu/.m2/repository/org/checkerframework/checker-compat-qual/2.0.0/checker-compat-qual-2.0.0.jar:/Users/kabothu/.m2/repository/com/google/errorprone/error_prone_annotations/2.1.3/error_prone_annotations-2.1.3.jar:/Users/kabothu/.m2/repository/com/google/j2objc/j2objc-annotations/1.1/j2objc-annotations-1.1.jar:/Users/kabothu/.m2/repository/org/codehaus/mojo/animal-sniffer-annotations/1.14/animal-sniffer-annotations-1.14.jar:/Users/kabothu/.m2/repository/com/squareup/okhttp3/okhttp/3.11.0/okhttp-3.11.0.jar:/Users/kabothu/.m2/repository/com/squareup/okio/okio/1.14.0/okio-1.14.0.jar:"/>
    <property name="sun.cpu.endian" value="little"/>
    <property name="user.home" value="/Users/kabothu"/>
    <property name="user.language" value="en"/>
    <property name="java.specification.vendor" value="Oracle Corporation"/>
    <property name="java.home" value="/Library/Java/JavaVirtualMachines/jdk1.8.0_221.jdk/Contents/Home/jre"/>
    <property name="basedir" value="/Users/kabothu/Documents/Workspace/FixIssues/SimpleCucumberFramework"/>
    <property name="style.color" value="always"/>
    <property name="file.separator" value="/"/>
    <property name="line.separator" value="&#10;"/>
    <property name="java.vm.specification.vendor" value="Oracle Corporation"/>
    <property name="java.specification.name" value="Java Platform API Specification"/>
    <property name="java.awt.graphicsenv" value="sun.awt.CGraphicsEnvironment"/>
    <property name="surefire.real.class.path" value="/Users/kabothu/Documents/Workspace/FixIssues/SimpleCucumberFramework/target/surefire/surefirebooter3367221168973786785.jar"/>
    <property name="sun.boot.class.path" value="/Library/Java/JavaVirtualMachines/jdk1.8.0_221.jdk/Contents/Home/jre/lib/resources.jar:/Library/Java/JavaVirtualMachines/jdk1.8.0_221.jdk/Contents/Home/jre/lib/rt.jar:/Library/Java/JavaVirtualMachines/jdk1.8.0_221.jdk/Contents/Home/jre/lib/sunrsasign.jar:/Library/Java/JavaVirtualMachines/jdk1.8.0_221.jdk/Contents/Home/jre/lib/jsse.jar:/Library/Java/JavaVirtualMachines/jdk1.8.0_221.jdk/Contents/Home/jre/lib/jce.jar:/Library/Java/JavaVirtualMachines/jdk1.8.0_221.jdk/Contents/Home/jre/lib/charsets.jar:/Library/Java/JavaVirtualMachines/jdk1.8.0_221.jdk/Contents/Home/jre/lib/jfr.jar:/Library/Java/JavaVirtualMachines/jdk1.8.0_221.jdk/Contents/Home/jre/classes"/>
    <property name="sun.management.compiler" value="HotSpot 64-Bit Tiered Compilers"/>
    <property name="ftp.nonProxyHosts" value="local|*.local|169.254/16|*.169.254/16"/>
    <property name="java.runtime.version" value="1.8.0_221-b11"/>
    <property name="user.name" value="kabothu"/>
    <property name="path.separator" value=":"/>
    <property name="os.version" value="10.14.6"/>
    <property name="java.endorsed.dirs" value="/Library/Java/JavaVirtualMachines/jdk1.8.0_221.jdk/Contents/Home/jre/lib/endorsed"/>
    <property name="java.runtime.name" value="Java(TM) SE Runtime Environment"/>
    <property name="file.encoding" value="UTF-8"/>
    <property name="java.vm.name" value="Java HotSpot(TM) 64-Bit Server VM"/>
    <property name="localRepository" value="/Users/kabothu/.m2/repository"/>
    <property name="java.vendor.url.bug" value="http://bugreport.sun.com/bugreport/"/>
    <property name="java.io.tmpdir" value="/var/folders/1v/hzqsvyzx19d8205b8br9qgmr0000gn/T/"/>
    <property name="java.version" value="1.8.0_221"/>
    <property name="user.dir" value="/Users/kabothu/Documents/Workspace/FixIssues/SimpleCucumberFramework"/>
    <property name="os.arch" value="x86_64"/>
    <property name="java.vm.specification.name" value="Java Virtual Machine Specification"/>
    <property name="java.awt.printerjob" value="sun.lwawt.macosx.CPrinterJob"/>
    <property name="sun.os.patch.level" value="unknown"/>
    <property name="java.library.path" value="/Users/kabothu/Library/Java/Extensions:/Library/Java/Extensions:/Network/Library/Java/Extensions:/System/Library/Java/Extensions:/usr/lib/java:."/>
    <property name="java.vm.info" value="mixed mode"/>
    <property name="java.vendor" value="Oracle Corporation"/>
    <property name="java.vm.version" value="25.221-b11"/>
    <property name="java.ext.dirs" value="/Users/kabothu/Library/Java/Extensions:/Library/Java/JavaVirtualMachines/jdk1.8.0_221.jdk/Contents/Home/jre/lib/ext:/Library/Java/Extensions:/Network/Library/Java/Extensions:/System/Library/Java/Extensions:/usr/lib/java"/>
    <property name="sun.io.unicode.encoding" value="UnicodeBig"/>
    <property name="java.class.version" value="52.0"/>
    <property name="socksNonProxyHosts" value="local|*.local|169.254/16|*.169.254/16"/>
  </properties>
  <testcase name="Scenario: Sample Test Application" classname="Scenario: Sample Test Application" time="0"/>
  <testcase name="Given Open Chrome Browser" classname="Scenario: Sample Test Application" time="0.001"/>
  <testcase name="When User Navigates to url" classname="Scenario: Sample Test Application" time="0"/>
  <testcase name="And User Searches In Google" classname="Scenario: Sample Test Application" time="0"/>
  <testcase name="Then Simple Say Page Title is not Null" classname="Scenario: Sample Test Application" time="0"/>
</testsuite>