<?xml version="1.0" encoding="UTF-8"?>
<!-- Generated by org.testng.reporters.JUnitReportReporter -->
<testsuite hostname="Krishnas-MacBook-Pro-2.local" name="com.uiautomation.tests.ShoppingCartTest" tests="1" failures="0" timestamp="10 Jun 2020 03:21:13 GMT" time="15.494" errors="0">
  <testcase name="testAssignment" time="15.494" classname="com.uiautomation.tests.ShoppingCartTest"/>
</testsuite> <!-- com.uiautomation.tests.ShoppingCartTest -->
