<?xml version="1.0" encoding="UTF-8"?>
<!-- Generated by org.testng.reporters.JUnitReportReporter -->
<testsuite hostname="Krishnas-MacBook-Pro-2.local" name="com.uiautomation.tests.CartRelatedTests" tests="1" failures="0" timestamp="10 Jun 2020 03:25:30 GMT" time="7.545" errors="0">
  <testcase name="testToVerifyDetailsInAddToCart" time="7.545" classname="com.uiautomation.tests.CartRelatedTests"/>
</testsuite> <!-- com.uiautomation.tests.CartRelatedTests -->
