<?xml version="1.0" encoding="UTF-8"?>
<!-- Generated by org.testng.reporters.JUnitReportReporter -->
<testsuite hostname="Krishnas-MacBook-Pro-2.local" name="com.uiautomation.tests.AddToCartTest" tests="1" failures="0" timestamp="10 Jun 2020 02:42:12 GMT" time="4.919" errors="0">
  <testcase name="testToVerifyDetailsInAddToCart" time="4.919" classname="com.uiautomation.tests.AddToCartTest"/>
</testsuite> <!-- com.uiautomation.tests.AddToCartTest -->
